<?xml version="1.0" encoding="UTF-8"?>
<testsuite xmlns:xsi="http://www.w3.org/2001/XMLSchema-instance" xsi:noNamespaceSchemaLocation="https://maven.apache.org/surefire/maven-surefire-plugin/xsd/surefire-test-report.xsd" version="3.0.2" name="com.example.logkafkademo.LogKafkaDempApplicationTests" time="2.308" tests="1" errors="0" skipped="0" failures="0">
  <properties>
[...]
</properties>
  <testcase name="contextLoads" classname="com.example.logkafkademo.LogKafkaDempApplicationTests" time="0.365">
    <system-out><![CDATA[22:34:27.880 [main] INFO org.springframework.test.context.support.AnnotationConfigContextLoaderUtils -- Could not detect default configuration classes for test class [com.example.logkafkademo.LogKafkaDempApplicationTests]: LogKafkaDempApplicationTests does not declare any static, non-private, non-final, nested classes annotated with @Configuration.
22:34:27.947 [main] INFO org.springframework.boot.test.context.SpringBootTestContextBootstrapper -- Found @SpringBootConfiguration com.example.logkafkademo.LogKafkaDempApplication for test class com.example.logkafkademo.LogKafkaDempApplicationTests

  .   ____          _            __ _ _
 /\\ / ___'_ __ _ _(_)_ __  __ _ \ \ \ \
( ( )\___ | '_ | '_| | '_ \/ _` | \ \ \ \
 \\/  ___)| |_)| | | | | || (_| |  ) ) ) )
  '  |____| .__|_| |_|_| |_\__, | / / / /
 =========|_|==============|___/=/_/_/_/

 :: Spring Boot ::                (v3.4.5)

2025-05-17T22:34:28.168-04:00  INFO 48352 --- [LogKafkaDemp] [           main] c.e.l.LogKafkaDempApplicationTests       : Starting LogKafkaDempApplicationTests using Java 17.0.7 with PID 48352 (started by greatkid in /Users/greatkid/Nokia3310/github/log-kafka)
2025-05-17T22:34:28.168-04:00  INFO 48352 --- [LogKafkaDemp] [           main] c.e.l.LogKafkaDempApplicationTests       : No active profile set, falling back to 1 default profile: "default"
2025-05-17T22:34:28.496-04:00  INFO 48352 --- [LogKafkaDemp] [           main] .s.d.r.c.RepositoryConfigurationDelegate : Bootstrapping Spring Data JPA repositories in DEFAULT mode.
2025-05-17T22:34:28.506-04:00  INFO 48352 --- [LogKafkaDemp] [           main] .s.d.r.c.RepositoryConfigurationDelegate : Finished Spring Data repository scanning in 5 ms. Found 0 JPA repository interfaces.
2025-05-17T22:34:28.698-04:00  INFO 48352 --- [LogKafkaDemp] [           main] com.zaxxer.hikari.HikariDataSource       : HikariPool-1 - Starting...
2025-05-17T22:34:28.816-04:00  INFO 48352 --- [LogKafkaDemp] [           main] com.zaxxer.hikari.pool.HikariPool        : HikariPool-1 - Added connection conn0: url=jdbc:h2:mem:30be6bc6-96b3-466c-9313-a8b4bebbedb0 user=SA
2025-05-17T22:34:28.820-04:00  INFO 48352 --- [LogKafkaDemp] [           main] com.zaxxer.hikari.HikariDataSource       : HikariPool-1 - Start completed.
2025-05-17T22:34:28.856-04:00  INFO 48352 --- [LogKafkaDemp] [           main] o.hibernate.jpa.internal.util.LogHelper  : HHH000204: Processing PersistenceUnitInfo [name: default]
2025-05-17T22:34:28.893-04:00  INFO 48352 --- [LogKafkaDemp] [           main] org.hibernate.Version                    : HHH000412: Hibernate ORM core version 6.6.13.Final
2025-05-17T22:34:28.916-04:00  INFO 48352 --- [LogKafkaDemp] [           main] o.h.c.internal.RegionFactoryInitiator    : HHH000026: Second-level cache disabled
2025-05-17T22:34:29.063-04:00  INFO 48352 --- [LogKafkaDemp] [           main] o.s.o.j.p.SpringPersistenceUnitInfo      : No LoadTimeWeaver setup: ignoring JPA class transformer
2025-05-17T22:34:29.112-04:00  INFO 48352 --- [LogKafkaDemp] [           main] org.hibernate.orm.connections.pooling    : HHH10001005: Database info:
	Database JDBC URL [Connecting through datasource 'HikariDataSource (HikariPool-1)']
	Database driver: undefined/unknown
	Database version: 2.3.232
	Autocommit mode: undefined/unknown
	Isolation level: undefined/unknown
	Minimum pool size: undefined/unknown
	Maximum pool size: undefined/unknown
2025-05-17T22:34:29.416-04:00  INFO 48352 --- [LogKafkaDemp] [           main] o.h.e.t.j.p.i.JtaPlatformInitiator       : HHH000489: No JTA platform available (set 'hibernate.transaction.jta.platform' to enable JTA platform integration)
2025-05-17T22:34:29.418-04:00  INFO 48352 --- [LogKafkaDemp] [           main] j.LocalContainerEntityManagerFactoryBean : Initialized JPA EntityManagerFactory for persistence unit 'default'
2025-05-17T22:34:29.495-04:00  WARN 48352 --- [LogKafkaDemp] [           main] JpaBaseConfiguration$JpaWebConfiguration : spring.jpa.open-in-view is enabled by default. Therefore, database queries may be performed during view rendering. Explicitly configure spring.jpa.open-in-view to disable this warning
2025-05-17T22:34:29.765-04:00  INFO 48352 --- [LogKafkaDemp] [           main] c.e.l.LogKafkaDempApplicationTests       : Started LogKafkaDempApplicationTests in 1.733 seconds (process running for 2.277)
]]></system-out>
    <system-err><![CDATA[May 17, 2025 10:34:27 PM org.junit.platform.launcher.core.LauncherConfigurationParameters loadClasspathResource
WARNING: Discovered 3 'junit-platform.properties' configuration files on the classpath (see below); only the first (*) will be used.
- jar:file:/Users/greatkid/.m2/repository/org/apache/kafka/kafka-clients/3.8.1/kafka-clients-3.8.1-test.jar!/junit-platform.properties (*)
- jar:file:/Users/greatkid/.m2/repository/org/apache/kafka/kafka-server-common/3.8.1/kafka-server-common-3.8.1-test.jar!/junit-platform.properties
- jar:file:/Users/greatkid/.m2/repository/org/apache/kafka/kafka_2.13/3.8.1/kafka_2.13-3.8.1-test.jar!/junit-platform.properties
May 17, 2025 10:34:27 PM org.junit.platform.launcher.core.LauncherConfigurationParameters loadClasspathResource
WARNING: Discovered 3 'junit-platform.properties' configuration files on the classpath (see below); only the first (*) will be used.
- jar:file:/Users/greatkid/.m2/repository/org/apache/kafka/kafka-clients/3.8.1/kafka-clients-3.8.1-test.jar!/junit-platform.properties (*)
- jar:file:/Users/greatkid/.m2/repository/org/apache/kafka/kafka-server-common/3.8.1/kafka-server-common-3.8.1-test.jar!/junit-platform.properties
- jar:file:/Users/greatkid/.m2/repository/org/apache/kafka/kafka_2.13/3.8.1/kafka_2.13-3.8.1-test.jar!/junit-platform.properties
May 17, 2025 10:34:27 PM org.junit.platform.launcher.core.LauncherConfigurationParameters loadClasspathResource
WARNING: Discovered 3 'junit-platform.properties' configuration files on the classpath (see below); only the first (*) will be used.
- jar:file:/Users/greatkid/.m2/repository/org/apache/kafka/kafka-clients/3.8.1/kafka-clients-3.8.1-test.jar!/junit-platform.properties (*)
- jar:file:/Users/greatkid/.m2/repository/org/apache/kafka/kafka-server-common/3.8.1/kafka-server-common-3.8.1-test.jar!/junit-platform.properties
- jar:file:/Users/greatkid/.m2/repository/org/apache/kafka/kafka_2.13/3.8.1/kafka_2.13-3.8.1-test.jar!/junit-platform.properties
]]></system-err>
  </testcase>
</testsuite>